<?xml version="1.0" encoding="UTF-8"?>
<!-- Generated by org.testng.reporters.JUnitReportReporter -->
<testsuite hostname="kranadmin" failures="0" tests="1" name="testCases.TC002_LoginTest" time="1.536" errors="0" timestamp="2025-09-02T14:01:04 IST" skipped="0">
  <testcase classname="testCases.TC002_LoginTest" name="verify_login" time="1.536"/>
</testsuite> <!-- testCases.TC002_LoginTest -->
