<?xml version="1.0" encoding="UTF-8"?>
<!-- Generated by org.testng.reporters.JUnitReportReporter -->
<testsuite hostname="kranadmin" failures="0" tests="1" name="testCases.TC001_AccountRegistrationTest" time="2.731" errors="0" timestamp="2025-08-28T12:39:13 IST" skipped="0">
  <testcase classname="testCases.TC001_AccountRegistrationTest" name="verify_account_registration" time="2.731"/>
</testsuite> <!-- testCases.TC001_AccountRegistrationTest -->
