<?xml version="1.0" encoding="UTF-8"?>
<!-- Generated by org.testng.reporters.JUnitReportReporter -->
<testsuite hostname="kranadmin" failures="0" tests="1" name="testCases.TC001_AccountRegistrationTest" time="2.418" errors="0" timestamp="2025-09-11T17:20:57 IST" skipped="0">
  <testcase classname="testCases.TC001_AccountRegistrationTest" name="verify_account_registration" time="2.418"/>
</testsuite> <!-- testCases.TC001_AccountRegistrationTest -->
