<?xml version="1.0" encoding="UTF-8"?>
<!-- Generated by org.testng.reporters.JUnitReportReporter -->
<testsuite hostname="kranadmin" failures="0" tests="2" name="annotations.AfterBeforeMethodS" time="0.009" errors="0" timestamp="2025-08-20T11:35:42 IST" skipped="0">
  <testcase classname="annotations.AfterBeforeMethodS" name="search" time="0.005"/>
  <testcase classname="annotations.AfterBeforeMethodS" name="advancedsearch" time="0.004"/>
</testsuite> <!-- annotations.AfterBeforeMethodS -->
