<?xml version="1.0" encoding="UTF-8"?>
<!-- Generated by org.testng.reporters.JUnitReportReporter -->
<testsuite hostname="kranadmin" failures="0" tests="2" name="annotations.AfterBeforeClass" time="0.004" errors="0" timestamp="2025-08-20T11:49:19 IST" skipped="0">
  <testcase classname="annotations.AfterBeforeClass" name="search" time="0.003"/>
  <testcase classname="annotations.AfterBeforeClass" name="advancedsearch" time="0.001"/>
</testsuite> <!-- annotations.AfterBeforeClass -->
