<?xml version="1.0" encoding="UTF-8"?>
<!-- Generated by org.testng.reporters.JUnitReportReporter -->
<testsuite hostname="kranadmin" failures="0" tests="3" name="groupingtests.SignupTests" time="0.002" errors="0" timestamp="2025-08-20T16:21:21 IST" skipped="0">
  <testcase classname="groupingtests.SignupTests" name="signupbyemail" time="0.001"/>
  <testcase classname="groupingtests.SignupTests" name="signupbyfacebook" time="0.000"/>
  <testcase classname="groupingtests.SignupTests" name="signupbytwitter" time="0.001"/>
</testsuite> <!-- groupingtests.SignupTests -->
