<?xml version="1.0" encoding="UTF-8"?>
<!-- Generated by org.testng.reporters.JUnitReportReporter -->
<testsuite hostname="kranadmin" failures="0" tests="1" name="Assertion.HardVsSoftAssertion" time="0.010" errors="0" timestamp="2025-08-20T14:44:06 IST" skipped="0">
  <testcase classname="Assertion.HardVsSoftAssertion" name="test_softassertion" time="0.010"/>
</testsuite> <!-- Assertion.HardVsSoftAssertion -->
