<?xml version="1.0" encoding="UTF-8"?>
<!-- Generated by org.testng.reporters.JUnitReportReporter -->
<testsuite hostname="kranadmin" failures="0" tests="3" name="groupingtests.LoginTests" time="0.010" errors="0" timestamp="2025-08-20T16:30:35 IST" skipped="0">
  <testcase classname="groupingtests.LoginTests" name="loginByEmail" time="0.006"/>
  <testcase classname="groupingtests.LoginTests" name="loginByFacebook" time="0.002"/>
  <testcase classname="groupingtests.LoginTests" name="loginByTwitter" time="0.002"/>
</testsuite> <!-- groupingtests.LoginTests -->
