<?xml version="1.0" encoding="UTF-8"?>
<!-- Generated by org.testng.reporters.JUnitReportReporter -->
<testsuite hostname="kranadmin" failures="0" tests="4" name="testcase.OrangeHRMTest" time="9.485" errors="0" timestamp="2025-08-19T17:26:56 IST" skipped="0">
  <testcase classname="testcase.OrangeHRMTest" name="openapp" time="4.678"/>
  <testcase classname="testcase.OrangeHRMTest" name="testLogo" time="3.062"/>
  <testcase classname="testcase.OrangeHRMTest" name="testlogin" time="1.592"/>
  <testcase classname="testcase.OrangeHRMTest" name="closeApp" time="0.153"/>
</testsuite> <!-- testcase.OrangeHRMTest -->
