<?xml version="1.0" encoding="UTF-8"?>
<!-- Generated by org.testng.reporters.JUnitReportReporter -->
<testsuite hostname="kranadmin" failures="0" tests="4" name="testcase.OrangeHRMTest" time="35.455" errors="0" timestamp="2025-08-20T12:35:54 IST" skipped="0">
  <testcase classname="testcase.OrangeHRMTest" name="openapp" time="32.093"/>
  <testcase classname="testcase.OrangeHRMTest" name="testLogo" time="3.033"/>
  <testcase classname="testcase.OrangeHRMTest" name="testlogin" time="0.240"/>
  <testcase classname="testcase.OrangeHRMTest" name="closeApp" time="0.089"/>
</testsuite> <!-- testcase.OrangeHRMTest -->
