<?xml version="1.0" encoding="UTF-8"?>
<!-- Generated by org.testng.reporters.JUnitReportReporter -->
<testsuite hostname="kranadmin" failures="0" tests="2" name="annotations.AllAnnotations" time="0.006" errors="0" timestamp="2025-08-20T12:37:17 IST" skipped="0">
  <testcase classname="annotations.AllAnnotations" name="tm1" time="0.005"/>
  <testcase classname="annotations.AllAnnotations" name="tm2" time="0.001"/>
</testsuite> <!-- annotations.AllAnnotations -->
