<?xml version="1.0" encoding="UTF-8"?>
<!-- Generated by org.testng.reporters.JUnitReportReporter -->
<testsuite hostname="kranadmin" failures="0" tests="3" name="testcase.TestCase1" time="0.036" errors="0" timestamp="2025-08-19T16:31:20 IST" skipped="0">
  <testcase classname="testcase.TestCase1" name="logout" time="0.029"/>
  <testcase classname="testcase.TestCase1" name="login" time="0.003"/>
  <testcase classname="testcase.TestCase1" name="openapp" time="0.004"/>
</testsuite> <!-- testcase.TestCase1 -->
