<?xml version="1.0" encoding="UTF-8"?>
<!-- Generated by org.testng.reporters.JUnitReportReporter -->
<testsuite hostname="kranadmin" failures="0" tests="2" name="groupingtests.PaymentsTests" time="0.006" errors="0" timestamp="2025-08-20T16:37:09 IST" skipped="0">
  <testcase classname="groupingtests.PaymentsTests" name="paymentinRupees" time="0.005"/>
  <testcase classname="groupingtests.PaymentsTests" name="paymentinDollars" time="0.001"/>
</testsuite> <!-- groupingtests.PaymentsTests -->
