<?xml version="1.0" encoding="UTF-8"?>
<!-- Generated by org.testng.reporters.JUnitReportReporter -->
<testsuite hostname="kranadmin" failures="0" tests="1" name="makemytriptestcases.FlightPageTest" time="0.000" errors="0" timestamp="2025-09-19T12:18:00 IST" skipped="1">
  <testcase classname="makemytriptestcases.FlightPageTest" name="searchFlight" time="0.000">
    <skipped/>
  </testcase> <!-- searchFlight -->
</testsuite> <!-- makemytriptestcases.FlightPageTest -->
