<?xml version="1.0" encoding="UTF-8"?>
<!-- Generated by org.testng.reporters.JUnitReportReporter -->
<testsuite hostname="kranadmin" failures="0" tests="1" name="makemytriptestcases.LoginPageTest" time="0.000" errors="0" timestamp="2025-09-22T12:10:18 IST" skipped="1">
  <testcase classname="makemytriptestcases.LoginPageTest" name="testLoginPage" time="0.000">
    <skipped/>
  </testcase> <!-- testLoginPage -->
</testsuite> <!-- makemytriptestcases.LoginPageTest -->
